Determining if the pthread_create exist failed with the following output:
Change Dir: /home/robotica/PaulyFabs/PM_proyecto_final-master/build/CMakeFiles/CMakeTmp

Run Build Command:"/usr/bin/make" "cmTC_f2bcb/fast"
/usr/bin/make -f CMakeFiles/cmTC_f2bcb.dir/build.make CMakeFiles/cmTC_f2bcb.dir/build
make[1]: Entering directory '/home/robotica/PaulyFabs/PM_proyecto_final-master/build/CMakeFiles/CMakeTmp'
Building C object CMakeFiles/cmTC_f2bcb.dir/CheckSymbolExists.c.o
/usr/bin/cc     -o CMakeFiles/cmTC_f2bcb.dir/CheckSymbolExists.c.o   -c /home/robotica/PaulyFabs/PM_proyecto_final-master/build/CMakeFiles/CMakeTmp/CheckSymbolExists.c
Linking C executable cmTC_f2bcb
/usr/bin/cmake -E cmake_link_script CMakeFiles/cmTC_f2bcb.dir/link.txt --verbose=1
/usr/bin/cc       CMakeFiles/cmTC_f2bcb.dir/CheckSymbolExists.c.o  -o cmTC_f2bcb -rdynamic 
CMakeFiles/cmTC_f2bcb.dir/CheckSymbolExists.c.o: In function `main':
CheckSymbolExists.c:(.text+0x16): undefined reference to `pthread_create'
collect2: error: ld returned 1 exit status
CMakeFiles/cmTC_f2bcb.dir/build.make:97: recipe for target 'cmTC_f2bcb' failed
make[1]: *** [cmTC_f2bcb] Error 1
make[1]: Leaving directory '/home/robotica/PaulyFabs/PM_proyecto_final-master/build/CMakeFiles/CMakeTmp'
Makefile:126: recipe for target 'cmTC_f2bcb/fast' failed
make: *** [cmTC_f2bcb/fast] Error 2

File /home/robotica/PaulyFabs/PM_proyecto_final-master/build/CMakeFiles/CMakeTmp/CheckSymbolExists.c:
/* */
#include <pthread.h>

int main(int argc, char** argv)
{
  (void)argv;
#ifndef pthread_create
  return ((int*)(&pthread_create))[argc];
#else
  (void)argc;
  return 0;
#endif
}

Determining if the function pthread_create exists in the pthreads failed with the following output:
Change Dir: /home/robotica/PaulyFabs/PM_proyecto_final-master/build/CMakeFiles/CMakeTmp

Run Build Command:"/usr/bin/make" "cmTC_1e84c/fast"
/usr/bin/make -f CMakeFiles/cmTC_1e84c.dir/build.make CMakeFiles/cmTC_1e84c.dir/build
make[1]: Entering directory '/home/robotica/PaulyFabs/PM_proyecto_final-master/build/CMakeFiles/CMakeTmp'
Building C object CMakeFiles/cmTC_1e84c.dir/CheckFunctionExists.c.o
/usr/bin/cc    -DCHECK_FUNCTION_EXISTS=pthread_create   -o CMakeFiles/cmTC_1e84c.dir/CheckFunctionExists.c.o   -c /usr/share/cmake-3.5/Modules/CheckFunctionExists.c
Linking C executable cmTC_1e84c
/usr/bin/cmake -E cmake_link_script CMakeFiles/cmTC_1e84c.dir/link.txt --verbose=1
/usr/bin/cc   -DCHECK_FUNCTION_EXISTS=pthread_create    CMakeFiles/cmTC_1e84c.dir/CheckFunctionExists.c.o  -o cmTC_1e84c -rdynamic -lpthreads 
/usr/bin/ld: cannot find -lpthreads
collect2: error: ld returned 1 exit status
CMakeFiles/cmTC_1e84c.dir/build.make:97: recipe for target 'cmTC_1e84c' failed
make[1]: *** [cmTC_1e84c] Error 1
make[1]: Leaving directory '/home/robotica/PaulyFabs/PM_proyecto_final-master/build/CMakeFiles/CMakeTmp'
Makefile:126: recipe for target 'cmTC_1e84c/fast' failed
make: *** [cmTC_1e84c/fast] Error 2


